
Showing logs for build [32mcb-kubecd-environment-pr-187-25-ghmt8-1[0m stage [32mfrom-build-pack[0m and container [32mstep-credential-initializer-mtkvq[0m
{"level":"warn","ts":1584803706.8822398,"logger":"fallback-logger","caller":"logging/config.go:69","msg":"Fetch GitHub commit ID from kodata failed: \"ref: refs/heads/0.8.0-**-support-backwards-incompats\" is not a valid GitHub commit ID"}
{"level":"info","ts":1584803706.8829098,"logger":"fallback-logger","caller":"creds-init/main.go:40","msg":"Credentials initialized."}

Showing logs for build [32mcb-kubecd-environment-pr-187-25-ghmt8-1[0m stage [32mfrom-build-pack[0m and container [32mstep-working-dir-initializer-xnk9f[0m
{"level":"warn","ts":1584803708.164281,"logger":"fallback-logger","caller":"logging/config.go:69","msg":"Fetch GitHub commit ID from kodata failed: open /var/run/ko/HEAD: no such file or directory"}
{"level":"info","ts":1584803708.1662147,"logger":"fallback-logger","caller":"bash/main.go:64","msg":"Successfully executed command \"sh -c mkdir -p /workspace/source\"; output "}

Showing logs for build [32mcb-kubecd-environment-pr-187-25-ghmt8-1[0m stage [32mfrom-build-pack[0m and container [32mstep-place-tools[0m

Showing logs for build [32mcb-kubecd-environment-pr-187-25-ghmt8-1[0m stage [32mfrom-build-pack[0m and container [32mstep-git-source-cb-kubecd-environment-pr-187-25-ghmt8-lj8mv[0m
{"level":"warn","ts":1584803712.2601025,"logger":"fallback-logger","caller":"logging/config.go:69","msg":"Fetch GitHub commit ID from kodata failed: \"ref: refs/heads/0.8.0-**-support-backwards-incompats\" is not a valid GitHub commit ID"}
{"level":"info","ts":1584803713.292955,"logger":"fallback-logger","caller":"git/git.go:103","msg":"Successfully cloned https://github.com/cb-kubecd/environment-pr-187-25-boot-gke-staging.git @ master in path /workspace/source"}

Showing logs for build [32mcb-kubecd-environment-pr-187-25-ghmt8-1[0m stage [32mfrom-build-pack[0m and container [32mstep-git-merge[0m
Using SHAs from PULL_REFS=master:76165443c0f301125fecbb3e0a45f35493f71a48,4:cc17fa48dfab0e55dcd7c6293062eb78ffa8af97
DEBUG: JX_LOG_LEVEL=error LC_ALL=C git fetch origin --unshallow cc17fa48dfab0e55dcd7c6293062eb78ffa8af97: 76165443c0f301125fecbb3e0a45f35493f71a48:
DEBUG: ran git fetch --unshallow origin cc17fa48dfab0e55dcd7c6293062eb78ffa8af97: 76165443c0f301125fecbb3e0a45f35493f71a48: in 
DEBUG: LC_ALL=C JX_LOG_LEVEL=error git branch
DEBUG: JX_LOG_LEVEL=error LC_ALL=C git checkout master
DEBUG: ran git checkout master in 
DEBUG: LC_ALL=C JX_LOG_LEVEL=error git reset --hard 76165443c0f301125fecbb3e0a45f35493f71a48
DEBUG: ran git reset --hard 76165443c0f301125fecbb3e0a45f35493f71a48 in 
DEBUG: LC_ALL=C JX_LOG_LEVEL=error git clean -fd .
DEBUG: ran clean --force -d . in 
DEBUG: LC_ALL=C JX_LOG_LEVEL=error git merge cc17fa48dfab0e55dcd7c6293062eb78ffa8af97
DEBUG: ran git merge cc17fa48dfab0e55dcd7c6293062eb78ffa8af97 in 
DEBUG: JX_LOG_LEVEL=error LC_ALL=C git log --format=%H%x1f%an%x1f%ae%x1f%cn%x1f%ce%x1f%s%n%b%x1e 76165443c0f301125fecbb3e0a45f35493f71a48..HEAD
Merged SHA cc17fa48dfab0e55dcd7c6293062eb78ffa8af97 with commit message 'chore: Promote bdd-gh-1584801772 to version 0.0.1' into base branch master

Showing logs for build [32mcb-kubecd-environment-pr-187-25-ghmt8-1[0m stage [32mfrom-build-pack[0m and container [32mstep-build-helm-build[0m
WARNING: No $CHART_REPOSITORY defined so using the default value of: http://jenkins-x-chartmuseum:8080
Adding missing Helm repo: storage.googleapis.com https://storage.googleapis.com/chartmuseum.jenkins-x.io
WARNING: No secrets found on "helm/repos" due: reading the secret "helm/repos" from vault: no secret "helm/repos" not found in vault
Read credentials for https://storage.googleapis.com/chartmuseum.jenkins-x.io from vault helm/repos
Successfully added Helm repository storage.googleapis.com.
Adding missing Helm repo: jenkins-x-chartmuseum http://jenkins-x-chartmuseum:8080
WARNING: No secrets found on "helm/repos" due: reading the secret "helm/repos" from vault: no secret "helm/repos" not found in vault
Read credentials for http://jenkins-x-chartmuseum:8080 from vault helm/repos
Successfully added Helm repository jenkins-x-chartmuseum.
WARNING: No $CHART_REPOSITORY defined so using the default value of: http://jenkins-x-chartmuseum:8080
Adding missing Helm repo: chartmuseum.jenkins-x.io http://chartmuseum.jenkins-x.io
WARNING: No secrets found on "helm/repos" due: reading the secret "helm/repos" from vault: no secret "helm/repos" not found in vault
Read credentials for http://chartmuseum.jenkins-x.io from vault helm/repos
Successfully added Helm repository chartmuseum.jenkins-x.io.
